<?xml version="1.0" encoding="UTF-8"?>
<testsuites name="jest tests" tests="21" failures="0" time="8.991">
  <testsuite name="Registration &amp; Login Flow" errors="0" failures="0" skipped="0" timestamp="2020-04-05T14:00:24" time="8.886" tests="21">
    <testcase classname="Registration &amp; Login Flow should create a new user" name="Registration &amp; Login Flow should create a new user" time="0.939">
    </testcase>
    <testcase classname="Registration &amp; Login Flow should return an error if fields are missing" name="Registration &amp; Login Flow should return an error if fields are missing" time="0.044">
    </testcase>
    <testcase classname="Registration &amp; Login Flow should return no error for a duplicate registration" name="Registration &amp; Login Flow should return no error for a duplicate registration" time="0.446">
    </testcase>
    <testcase classname="Registration &amp; Login Flow should return an error for a login without validation" name="Registration &amp; Login Flow should return an error for a login without validation" time="0.153">
    </testcase>
    <testcase classname="Registration &amp; Login Flow should return an error for a login with missing fields" name="Registration &amp; Login Flow should return an error for a login with missing fields" time="0.038">
    </testcase>
    <testcase classname="Registration &amp; Login Flow should validate an existing account" name="Registration &amp; Login Flow should validate an existing account" time="0.047">
    </testcase>
    <testcase classname="Login Flow should allow login for an existing account" name="Login Flow should allow login for an existing account" time="0.133">
    </testcase>
    <testcase classname="Login Flow should not allow login for an account with wrong password" name="Login Flow should not allow login for an account with wrong password" time="0.139">
    </testcase>
    <testcase classname="Login Flow should throw no error for a non-existing account" name="Login Flow should throw no error for a non-existing account" time="0.08">
    </testcase>
    <testcase classname="Password Reset Flow should allow a user to update his password" name="Password Reset Flow should allow a user to update his password" time="0.385">
    </testcase>
    <testcase classname="Password Reset Flow should not allow a user to update his password when type fields are missing" name="Password Reset Flow should not allow a user to update his password when type fields are missing" time="0.174">
    </testcase>
    <testcase classname="Password Reset Flow should not allow a user to update his password when other fields are missing" name="Password Reset Flow should not allow a user to update his password when other fields are missing" time="0.176">
    </testcase>
    <testcase classname="Password Reset Flow should not allow a user to update his password when his old password is wrong" name="Password Reset Flow should not allow a user to update his password when his old password is wrong" time="0.29">
    </testcase>
    <testcase classname="Password Reset Flow should not allow an unauthenticated user to update his password" name="Password Reset Flow should not allow an unauthenticated user to update his password" time="0.044">
    </testcase>
    <testcase classname="Password Reset Flow should send a password reset request" name="Password Reset Flow should send a password reset request" time="0.091">
    </testcase>
    <testcase classname="Password Reset Flow should reset a password with a valid token" name="Password Reset Flow should reset a password with a valid token" time="0.089">
    </testcase>
    <testcase classname="Password Reset Flow should not reset a password with an invalid token" name="Password Reset Flow should not reset a password with an invalid token" time="0.139">
    </testcase>
    <testcase classname="Account Modification Flow should allow an authenticated user to update his name" name="Account Modification Flow should allow an authenticated user to update his name" time="0.275">
    </testcase>
    <testcase classname="Account Modification Flow should not allow an unauthenticated user to update his name" name="Account Modification Flow should not allow an unauthenticated user to update his name" time="0.037">
    </testcase>
    <testcase classname="User Deletion Flow should delete an authenticated user" name="User Deletion Flow should delete an authenticated user" time="0.219">
    </testcase>
    <testcase classname="User Deletion Flow should clean up database connection" name="User Deletion Flow should clean up database connection" time="0.001">
    </testcase>
  </testsuite>
</testsuites>