<?xml version="1.0" encoding="UTF-8"?>
<testsuites name="jest tests" tests="21" failures="0" time="10.225">
  <testsuite name="Registration &amp; Login Flow" errors="0" failures="0" skipped="0" timestamp="2020-04-05T14:37:46" time="9.942" tests="21">
    <testcase classname="Registration &amp; Login Flow should create a new user" name="Registration &amp; Login Flow should create a new user" time="0.899">
    </testcase>
    <testcase classname="Registration &amp; Login Flow should return an error if fields are missing" name="Registration &amp; Login Flow should return an error if fields are missing" time="0.045">
    </testcase>
    <testcase classname="Registration &amp; Login Flow should return no error for a duplicate registration" name="Registration &amp; Login Flow should return no error for a duplicate registration" time="0.438">
    </testcase>
    <testcase classname="Registration &amp; Login Flow should return an error for a login without validation" name="Registration &amp; Login Flow should return an error for a login without validation" time="0.153">
    </testcase>
    <testcase classname="Registration &amp; Login Flow should return an error for a login with missing fields" name="Registration &amp; Login Flow should return an error for a login with missing fields" time="0.038">
    </testcase>
    <testcase classname="Registration &amp; Login Flow should validate an existing account" name="Registration &amp; Login Flow should validate an existing account" time="0.045">
    </testcase>
    <testcase classname="Login Flow should allow login for an existing account" name="Login Flow should allow login for an existing account" time="0.143">
    </testcase>
    <testcase classname="Login Flow should not allow login for an account with wrong password" name="Login Flow should not allow login for an account with wrong password" time="0.151">
    </testcase>
    <testcase classname="Login Flow should throw no error for a non-existing account" name="Login Flow should throw no error for a non-existing account" time="0.082">
    </testcase>
    <testcase classname="Password Reset Flow should allow a user to update his password" name="Password Reset Flow should allow a user to update his password" time="0.375">
    </testcase>
    <testcase classname="Password Reset Flow should not allow a user to update his password when type fields are missing" name="Password Reset Flow should not allow a user to update his password when type fields are missing" time="0.182">
    </testcase>
    <testcase classname="Password Reset Flow should not allow a user to update his password when other fields are missing" name="Password Reset Flow should not allow a user to update his password when other fields are missing" time="0.191">
    </testcase>
    <testcase classname="Password Reset Flow should not allow a user to update his password when his old password is wrong" name="Password Reset Flow should not allow a user to update his password when his old password is wrong" time="0.27">
    </testcase>
    <testcase classname="Password Reset Flow should not allow an unauthenticated user to update his password" name="Password Reset Flow should not allow an unauthenticated user to update his password" time="0.046">
    </testcase>
    <testcase classname="Password Reset Flow should send a password reset request" name="Password Reset Flow should send a password reset request" time="0.078">
    </testcase>
    <testcase classname="Password Reset Flow should reset a password with a valid token" name="Password Reset Flow should reset a password with a valid token" time="0.079">
    </testcase>
    <testcase classname="Password Reset Flow should not reset a password with an invalid token" name="Password Reset Flow should not reset a password with an invalid token" time="0.142">
    </testcase>
    <testcase classname="Account Modification Flow should allow an authenticated user to update his name" name="Account Modification Flow should allow an authenticated user to update his name" time="0.254">
    </testcase>
    <testcase classname="Account Modification Flow should not allow an unauthenticated user to update his name" name="Account Modification Flow should not allow an unauthenticated user to update his name" time="0.044">
    </testcase>
    <testcase classname="User Deletion Flow should delete an authenticated user" name="User Deletion Flow should delete an authenticated user" time="0.219">
    </testcase>
    <testcase classname="User Deletion Flow should clean up database connection" name="User Deletion Flow should clean up database connection" time="0">
    </testcase>
  </testsuite>
</testsuites>